0 info it worked if it ends with ok
1 verbose cli [ '/usr/local/Cellar/node/0.8.21/bin/node',
1 verbose cli   '/usr/local/bin/npm',
1 verbose cli   'publish' ]
2 info using npm@1.2.11
3 info using node@v0.8.21
4 verbose publish [ '.' ]
5 verbose read json /Users/zhangyu/dev/gitrepo/combiner/package.json
6 error Error: invalid version: 0.0.2.1
6 error     at validVersion (/usr/local/Cellar/node/0.8.21/lib/node_modules/npm/node_modules/read-package-json/read-json.js:590:40)
6 error     at final (/usr/local/Cellar/node/0.8.21/lib/node_modules/npm/node_modules/read-package-json/read-json.js:342:23)
6 error     at /usr/local/Cellar/node/0.8.21/lib/node_modules/npm/node_modules/read-package-json/read-json.js:140:33
6 error     at cb (/usr/local/Cellar/node/0.8.21/lib/node_modules/npm/node_modules/slide/lib/async-map.js:48:11)
6 error     at /usr/local/Cellar/node/0.8.21/lib/node_modules/npm/node_modules/read-package-json/read-json.js:270:40
6 error     at fs.readFile (fs.js:176:14)
6 error     at Object.oncomplete (fs.js:297:15)
7 error If you need help, you may report this log at:
7 error     <http://github.com/isaacs/npm/issues>
7 error or email it to:
7 error     <npm-@googlegroups.com>
8 error System Darwin 12.3.0
9 error command "/usr/local/Cellar/node/0.8.21/bin/node" "/usr/local/bin/npm" "publish"
10 error cwd /Users/zhangyu/dev/gitrepo/combiner
11 error node -v v0.8.21
12 error npm -v 1.2.11
13 verbose exit [ 1, true ]
